2025-10-15 23:46:28 [ERROR]: uncaughtException: getCharts is not defined
ReferenceError: getCharts is not defined
    at Object.<anonymous> (/home/dragon/telcalling_v1/routes/dashboard.js:38:42)
    at Module._compile (node:internal/modules/cjs/loader:1105:14)
    at Module._extensions..js (node:internal/modules/cjs/loader:1159:10)
    at Module.load (node:internal/modules/cjs/loader:981:32)
    at Module._load (node:internal/modules/cjs/loader:827:12)
    at Module.require (node:internal/modules/cjs/loader:1005:19)
    at require (node:internal/modules/cjs/helpers:102:18)
    at Object.<anonymous> (/home/dragon/telcalling_v1/index.js:25:25)
    at Module._compile (node:internal/modules/cjs/loader:1105:14)
    at Module._extensions..js (node:internal/modules/cjs/loader:1159:10) | {"error":{},"exception":true,"date":"Wed Oct 15 2025 23:46:28 GMT+0530 (India Standard Time)","process":{"pid":152631,"uid":1000,"gid":1000,"cwd":"/home/dragon/telcalling_v1","execPath":"/home/dragon/.nvm/versions/node/v18.0.0/bin/node","version":"v18.0.0","argv":["/home/dragon/.nvm/versions/node/v18.0.0/bin/node","/home/dragon/telcalling_v1/index.js"],"memoryUsage":{"rss":113766400,"heapTotal":78495744,"heapUsed":44498608,"external":22144673,"arrayBuffers":21374414}},"os":{"loadavg":[1.56,1.91,2.24],"uptime":18790.51},"trace":[{"column":42,"file":"/home/dragon/telcalling_v1/routes/dashboard.js","function":null,"line":38,"method":null,"native":false},{"column":14,"file":"node:internal/modules/cjs/loader","function":"Module._compile","line":1105,"method":"_compile","native":false},{"column":10,"file":"node:internal/modules/cjs/loader","function":"Module._extensions..js","line":1159,"method":".js","native":false},{"column":32,"file":"node:internal/modules/cjs/loader","function":"Module.load","line":981,"method":"load","native":false},{"column":12,"file":"node:internal/modules/cjs/loader","function":"Module._load","line":827,"method":"_load","native":false},{"column":19,"file":"node:internal/modules/cjs/loader","function":"Module.require","line":1005,"method":"require","native":false},{"column":18,"file":"node:internal/modules/cjs/helpers","function":"require","line":102,"method":null,"native":false},{"column":25,"file":"/home/dragon/telcalling_v1/index.js","function":null,"line":25,"method":null,"native":false},{"column":14,"file":"node:internal/modules/cjs/loader","function":"Module._compile","line":1105,"method":"_compile","native":false},{"column":10,"file":"node:internal/modules/cjs/loader","function":"Module._extensions..js","line":1159,"method":".js","native":false}]}
ReferenceError: getCharts is not defined
    at Object.<anonymous> (/home/dragon/telcalling_v1/routes/dashboard.js:38:42)
    at Module._compile (node:internal/modules/cjs/loader:1105:14)
    at Module._extensions..js (node:internal/modules/cjs/loader:1159:10)
    at Module.load (node:internal/modules/cjs/loader:981:32)
    at Module._load (node:internal/modules/cjs/loader:827:12)
    at Module.require (node:internal/modules/cjs/loader:1005:19)
    at require (node:internal/modules/cjs/helpers:102:18)
    at Object.<anonymous> (/home/dragon/telcalling_v1/index.js:25:25)
    at Module._compile (node:internal/modules/cjs/loader:1105:14)
    at Module._extensions..js (node:internal/modules/cjs/loader:1159:10)
